Compiling the CXX compiler identification source file "CMakeCXXCompilerId.cpp" failed.
Compiler: /usr/bin/c++ 
Build flags: 
Id flags:  

The output was:
1
/usr/bin/ld: cannot find -lstdc++: No such file or directory
clang: error: linker command failed with exit code 1 (use -v to see invocation)


Detecting CXX compiler ABI info failed to compile with the following output:
Change Dir: /home/mfleury/PROG/so_long/lib/CMakeFiles/CMakeTmp

Run Build Command(s):/usr/bin/gmake -f Makefile cmTC_bad40/fast && gmake[1]: Entering directory '/home/mfleury/PROG/so_long/lib/CMakeFiles/CMakeTmp'
/usr/bin/gmake  -f CMakeFiles/cmTC_bad40.dir/build.make CMakeFiles/cmTC_bad40.dir/build
gmake[2]: Entering directory '/home/mfleury/PROG/so_long/lib/CMakeFiles/CMakeTmp'
Building CXX object CMakeFiles/cmTC_bad40.dir/CMakeCXXCompilerABI.cpp.o
/usr/bin/c++   -v -MD -MT CMakeFiles/cmTC_bad40.dir/CMakeCXXCompilerABI.cpp.o -MF CMakeFiles/cmTC_bad40.dir/CMakeCXXCompilerABI.cpp.o.d -o CMakeFiles/cmTC_bad40.dir/CMakeCXXCompilerABI.cpp.o -c /usr/share/cmake-3.22/Modules/CMakeCXXCompilerABI.cpp
Ubuntu clang version 12.0.1-19ubuntu3
Target: x86_64-pc-linux-gnu
Thread model: posix
InstalledDir: /usr/bin
Found candidate GCC installation: /usr/bin/../lib/gcc/x86_64-linux-gnu/10
Found candidate GCC installation: /usr/bin/../lib/gcc/x86_64-linux-gnu/11
Found candidate GCC installation: /usr/bin/../lib/gcc/x86_64-linux-gnu/12
Found candidate GCC installation: /usr/lib/gcc/x86_64-linux-gnu/10
Found candidate GCC installation: /usr/lib/gcc/x86_64-linux-gnu/11
Found candidate GCC installation: /usr/lib/gcc/x86_64-linux-gnu/12
Selected GCC installation: /usr/bin/../lib/gcc/x86_64-linux-gnu/12
Candidate multilib: .;@m64
Selected multilib: .;@m64
 (in-process)
 "/usr/lib/llvm-12/bin/clang" -cc1 -triple x86_64-pc-linux-gnu -emit-obj -mrelax-all --mrelax-relocations -disable-free -disable-llvm-verifier -discard-value-names -main-file-name CMakeCXXCompilerABI.cpp -mrelocation-model static -mframe-pointer=all -fmath-errno -fno-rounding-math -mconstructor-aliases -munwind-tables -target-cpu x86-64 -tune-cpu generic -fno-split-dwarf-inlining -debugger-tuning=gdb -v -resource-dir /usr/lib/llvm-12/lib/clang/12.0.1 -dependency-file CMakeFiles/cmTC_bad40.dir/CMakeCXXCompilerABI.cpp.o.d -MT CMakeFiles/cmTC_bad40.dir/CMakeCXXCompilerABI.cpp.o -sys-header-deps -internal-isystem /usr/bin/../lib/gcc/x86_64-linux-gnu/12/../../../../include/c++ -internal-isystem /usr/bin/../lib/gcc/x86_64-linux-gnu/12/../../../../include/c++/x86_64-linux-gnu -internal-isystem /usr/bin/../lib/gcc/x86_64-linux-gnu/12/../../../../include/c++/backward -internal-isystem /usr/local/include -internal-isystem /usr/lib/llvm-12/lib/clang/12.0.1/include -internal-externc-isystem /usr/include/x86_64-linux-gnu -internal-externc-isystem /include -internal-externc-isystem /usr/include -fdeprecated-macro -fdebug-compilation-dir /home/mfleury/PROG/so_long/lib/CMakeFiles/CMakeTmp -ferror-limit 19 -fgnuc-version=4.2.1 -fcxx-exceptions -fexceptions -faddrsig -o CMakeFiles/cmTC_bad40.dir/CMakeCXXCompilerABI.cpp.o -x c++ /usr/share/cmake-3.22/Modules/CMakeCXXCompilerABI.cpp
clang -cc1 version 12.0.1 based upon LLVM 12.0.1 default target x86_64-pc-linux-gnu
ignoring nonexistent directory "/usr/bin/../lib/gcc/x86_64-linux-gnu/12/../../../../include/c++/x86_64-linux-gnu"
ignoring nonexistent directory "/usr/bin/../lib/gcc/x86_64-linux-gnu/12/../../../../include/c++/backward"
ignoring nonexistent directory "/include"
#include "..." search starts here:
#include <...> search starts here:
 /usr/bin/../lib/gcc/x86_64-linux-gnu/12/../../../../include/c++
 /usr/local/include
 /usr/lib/llvm-12/lib/clang/12.0.1/include
 /usr/include/x86_64-linux-gnu
 /usr/include
End of search list.
Linking CXX executable cmTC_bad40
/usr/bin/cmake -E cmake_link_script CMakeFiles/cmTC_bad40.dir/link.txt --verbose=1
/usr/bin/c++  -v CMakeFiles/cmTC_bad40.dir/CMakeCXXCompilerABI.cpp.o -o cmTC_bad40 
Ubuntu clang version 12.0.1-19ubuntu3
Target: x86_64-pc-linux-gnu
Thread model: posix
InstalledDir: /usr/bin
Found candidate GCC installation: /usr/bin/../lib/gcc/x86_64-linux-gnu/10
Found candidate GCC installation: /usr/bin/../lib/gcc/x86_64-linux-gnu/11
Found candidate GCC installation: /usr/bin/../lib/gcc/x86_64-linux-gnu/12
Found candidate GCC installation: /usr/lib/gcc/x86_64-linux-gnu/10
Found candidate GCC installation: /usr/lib/gcc/x86_64-linux-gnu/11
Found candidate GCC installation: /usr/lib/gcc/x86_64-linux-gnu/12
Selected GCC installation: /usr/bin/../lib/gcc/x86_64-linux-gnu/12
Candidate multilib: .;@m64
Selected multilib: .;@m64
 "/usr/bin/ld" --build-id --eh-frame-hdr -m elf_x86_64 -dynamic-linker /lib64/ld-linux-x86-64.so.2 -o cmTC_bad40 /usr/bin/../lib/gcc/x86_64-linux-gnu/12/../../../x86_64-linux-gnu/crt1.o /usr/bin/../lib/gcc/x86_64-linux-gnu/12/../../../x86_64-linux-gnu/crti.o /usr/bin/../lib/gcc/x86_64-linux-gnu/12/crtbegin.o -L/usr/bin/../lib/gcc/x86_64-linux-gnu/12 -L/usr/bin/../lib/gcc/x86_64-linux-gnu/12/../../../x86_64-linux-gnu -L/usr/bin/../lib/gcc/x86_64-linux-gnu/12/../../../../lib64 -L/lib/x86_64-linux-gnu -L/lib/../lib64 -L/usr/lib/x86_64-linux-gnu -L/usr/lib/../lib64 -L/usr/lib/x86_64-linux-gnu/../../lib64 -L/usr/bin/../lib/gcc/x86_64-linux-gnu/12/../../.. -L/usr/lib/llvm-12/bin/../lib -L/lib -L/usr/lib CMakeFiles/cmTC_bad40.dir/CMakeCXXCompilerABI.cpp.o -lstdc++ -lm -lgcc_s -lgcc -lc -lgcc_s -lgcc /usr/bin/../lib/gcc/x86_64-linux-gnu/12/crtend.o /usr/bin/../lib/gcc/x86_64-linux-gnu/12/../../../x86_64-linux-gnu/crtn.o
/usr/bin/ld: cannot find -lstdc++: No such file or directory
clang: error: linker command failed with exit code 1 (use -v to see invocation)
gmake[2]: *** [CMakeFiles/cmTC_bad40.dir/build.make:100: cmTC_bad40] Error 1
gmake[2]: Leaving directory '/home/mfleury/PROG/so_long/lib/CMakeFiles/CMakeTmp'
gmake[1]: *** [Makefile:127: cmTC_bad40/fast] Error 2
gmake[1]: Leaving directory '/home/mfleury/PROG/so_long/lib/CMakeFiles/CMakeTmp'




Determining if the CXX compiler works failed with the following output:
Change Dir: /home/mfleury/PROG/so_long/lib/CMakeFiles/CMakeTmp

Run Build Command(s):/usr/bin/gmake -f Makefile cmTC_e999f/fast && gmake[1]: Entering directory '/home/mfleury/PROG/so_long/lib/CMakeFiles/CMakeTmp'
/usr/bin/gmake  -f CMakeFiles/cmTC_e999f.dir/build.make CMakeFiles/cmTC_e999f.dir/build
gmake[2]: Entering directory '/home/mfleury/PROG/so_long/lib/CMakeFiles/CMakeTmp'
Building CXX object CMakeFiles/cmTC_e999f.dir/testCXXCompiler.cxx.o
/usr/bin/c++    -MD -MT CMakeFiles/cmTC_e999f.dir/testCXXCompiler.cxx.o -MF CMakeFiles/cmTC_e999f.dir/testCXXCompiler.cxx.o.d -o CMakeFiles/cmTC_e999f.dir/testCXXCompiler.cxx.o -c /home/mfleury/PROG/so_long/lib/CMakeFiles/CMakeTmp/testCXXCompiler.cxx
Linking CXX executable cmTC_e999f
/usr/bin/cmake -E cmake_link_script CMakeFiles/cmTC_e999f.dir/link.txt --verbose=1
/usr/bin/c++ CMakeFiles/cmTC_e999f.dir/testCXXCompiler.cxx.o -o cmTC_e999f 
/usr/bin/ld: cannot find -lstdc++: No such file or directory
clang: error: linker command failed with exit code 1 (use -v to see invocation)
gmake[2]: *** [CMakeFiles/cmTC_e999f.dir/build.make:100: cmTC_e999f] Error 1
gmake[2]: Leaving directory '/home/mfleury/PROG/so_long/lib/CMakeFiles/CMakeTmp'
gmake[1]: *** [Makefile:127: cmTC_e999f/fast] Error 2
gmake[1]: Leaving directory '/home/mfleury/PROG/so_long/lib/CMakeFiles/CMakeTmp'



